2019-06-20 19:42:29,603 INFO (MaoYiAction.java:69)- 没有访问权限:[SZWLD01,null]
2019-06-20 19:43:05,988 INFO (MaoYiAction.java:69)- 没有访问权限:[SZWLD01,null]
2019-06-20 19:43:19,910 INFO (MaoYiAction.java:76)- 访问校验通过:[SZWLD01],[WLD33558355]
2019-06-20 19:43:22,040 INFO (MaoYiService.java:480)- picNum:[Bvag]
2019-06-20 19:43:22,041 INFO (MaoYiService.java:264)- vert:[Bvag]
2019-06-20 19:43:22,041 INFO (MaoYiService.java:342)- Bvag===LT-850565-dTIvHnC7NFovdHGCvIdC-app.singlewindow.cn----开始执行验证的url
2019-06-20 19:43:22,420 INFO (MaoYiService.java:386)- 开始第[0]次执行重试
2019-06-20 19:43:22,896 INFO (MaoYiService.java:480)- picNum:[VvUW]
2019-06-20 19:43:22,897 INFO (MaoYiService.java:342)- VvUW===LT-850565-dTIvHnC7NFovdHGCvIdC-app.singlewindow.cn----开始执行验证的url
2019-06-20 19:43:23,281 INFO (MaoYiService.java:386)- 开始第[1]次执行重试
2019-06-20 19:43:27,245 INFO (MaoYiService.java:480)- picNum:[Uk]
2019-06-20 19:43:27,760 INFO (MaoYiService.java:480)- picNum:[FTCG]
2019-06-20 19:43:27,760 INFO (MaoYiService.java:342)- FTCG===LT-850565-dTIvHnC7NFovdHGCvIdC-app.singlewindow.cn----开始执行验证的url
2019-06-20 19:43:45,685 INFO (MaoYiAction.java:76)- 访问校验通过:[SZWLD01],[WLD33558355]
2019-06-20 19:43:46,619 INFO (MaoYiService.java:480)- picNum:[SKDL]
2019-06-20 19:43:46,620 INFO (MaoYiService.java:264)- vert:[SKDL]
2019-06-20 19:43:46,620 INFO (MaoYiService.java:342)- SKDL===LT-854584-7aVxYZABJWmpWUTLsq6n-app.singlewindow.cn----开始执行验证的url
2019-06-20 19:43:46,921 INFO (MaoYiService.java:386)- 开始第[0]次执行重试
2019-06-20 19:43:47,388 INFO (MaoYiService.java:480)- picNum:[T4z2]
2019-06-20 19:43:47,389 INFO (MaoYiService.java:342)- T4z2===LT-854584-7aVxYZABJWmpWUTLsq6n-app.singlewindow.cn----开始执行验证的url
2019-06-20 19:45:00,676 INFO (MaoYiAction.java:76)- 访问校验通过:[SZWLD01],[WLD33558355]
2019-06-20 19:45:06,002 INFO (MaoYiService.java:480)- picNum:[usu]
2019-06-20 19:45:06,473 INFO (MaoYiService.java:480)- picNum:[eBe§]
2019-06-20 19:45:06,987 INFO (MaoYiService.java:480)- picNum:[alve]
2019-06-20 19:45:06,987 INFO (MaoYiService.java:264)- vert:[alve]
2019-06-20 19:45:06,988 INFO (MaoYiService.java:342)- alve===LT-835069-0QwAJvlebezdLZ7nkypV-app.singlewindow.cn----开始执行验证的url
2019-06-20 19:45:20,357 INFO (MaoYiService.java:386)- 开始第[0]次执行重试
2019-06-20 19:45:20,829 INFO (MaoYiService.java:480)- picNum:[&J)8]
2019-06-20 19:45:21,299 INFO (MaoYiService.java:480)- picNum:[HOFM]
2019-06-20 19:45:21,299 INFO (MaoYiService.java:342)- HOFM===LT-835069-0QwAJvlebezdLZ7nkypV-app.singlewindow.cn----开始执行验证的url
2019-06-20 19:45:23,552 INFO (MaoYiService.java:386)- 开始第[1]次执行重试
2019-06-20 19:45:23,960 INFO (MaoYiService.java:480)- picNum:[UBKZ]
2019-06-20 19:45:23,961 INFO (MaoYiService.java:342)- UBKZ===LT-835069-0QwAJvlebezdLZ7nkypV-app.singlewindow.cn----开始执行验证的url
2019-06-20 19:45:28,816 INFO (MaoYiService.java:386)- 开始第[2]次执行重试
2019-06-20 19:45:29,301 INFO (MaoYiService.java:480)- picNum:[Bhv§]
2019-06-20 19:45:29,774 INFO (MaoYiService.java:480)- picNum:[SpyA]
2019-06-20 19:45:29,775 INFO (MaoYiService.java:342)- SpyA===LT-835069-0QwAJvlebezdLZ7nkypV-app.singlewindow.cn----开始执行验证的url
2019-06-20 19:45:33,194 INFO (MaoYiAction.java:104)- 请完成实名验证
2019-06-20 19:45:42,615 INFO (MaoYiAction.java:76)- 访问校验通过:[SZWLD01],[WLD33558355]
2019-06-20 19:45:44,098 INFO (MaoYiService.java:480)- picNum:[NwgC]
2019-06-20 19:45:44,098 INFO (MaoYiService.java:264)- vert:[NwgC]
2019-06-20 19:45:44,099 INFO (MaoYiService.java:342)- NwgC===LT-854628-2b1XKcgUevzaNW7MKCDk-app.singlewindow.cn----开始执行验证的url
2019-06-20 19:45:47,538 INFO (MaoYiAction.java:104)- 请完成实名验证
2019-06-20 19:56:10,508 INFO (MaoYiAction.java:76)- 访问校验通过:[SZWLD01],[WLD33558355]
2019-06-20 19:56:12,873 INFO (MaoYiService.java:489)- picNum:[mZuc]
2019-06-20 19:56:12,873 INFO (MaoYiService.java:264)- vert:[mZuc]
2019-06-20 19:56:12,874 INFO (MaoYiService.java:342)- mZuc===LT-843686-lXjinxqb5bY7CSJaKrZx-app.singlewindow.cn----开始执行验证的url
2019-06-20 19:56:25,051 INFO (MaoYiService.java:372)- 进入需要实名验证提示...
2019-06-20 19:58:24,791 INFO (MaoYiAction.java:76)- 访问校验通过:[SZWLD01],[WLD33558355]
2019-06-20 19:58:26,653 INFO (MaoYiService.java:489)- picNum:[nyk$]
2019-06-20 19:58:27,091 INFO (MaoYiService.java:489)- picNum:[5514]
2019-06-20 19:58:27,092 INFO (MaoYiService.java:264)- vert:[5514]
2019-06-20 19:58:27,092 INFO (MaoYiService.java:342)- 5514===LT-843725-fQYr5K2PJjYtWc5Vqfim-app.singlewindow.cn----开始执行验证的url
2019-06-20 19:58:27,472 INFO (MaoYiService.java:395)- 开始第[0]次执行重试
2019-06-20 19:58:28,014 INFO (MaoYiService.java:489)- picNum:[Vt5H]
2019-06-20 19:58:28,014 INFO (MaoYiService.java:342)- Vt5H===LT-843725-fQYr5K2PJjYtWc5Vqfim-app.singlewindow.cn----开始执行验证的url
2019-06-20 19:58:28,674 INFO (MaoYiService.java:372)- 进入需要实名验证提示...
2019-06-20 20:00:04,638 INFO (MaoYiService.java:342)- Vt5H===LT-843725-fQYr5K2PJjYtWc5Vqfim-app.singlewindow.cn----开始执行验证的url
2019-06-20 20:00:23,848 INFO (MaoYiAction.java:76)- 访问校验通过:[SZWLD01],[WLD33558355]
2019-06-20 20:00:24,774 INFO (MaoYiService.java:489)- picNum:[KWpa]
2019-06-20 20:00:24,774 INFO (MaoYiService.java:264)- vert:[KWpa]
2019-06-20 20:00:24,774 INFO (MaoYiService.java:342)- KWpa===LT-861336-YQdT4c6XmvUkMVejWUmm-app.singlewindow.cn----开始执行验证的url
2019-06-20 20:00:25,285 INFO (MaoYiService.java:372)- 进入需要实名验证提示...
2019-06-20 20:02:31,215 INFO (MaoYiAction.java:76)- 访问校验通过:[SZWLD01],[WLD33558355]
2019-06-20 20:02:31,281 INFO (MaoYiAction.java:76)- 访问校验通过:[SZWLD01],[WLD33558355]
2019-06-20 20:02:33,345 INFO (MaoYiService.java:489)- picNum:[ERZG]
2019-06-20 20:02:33,345 INFO (MaoYiService.java:264)- vert:[ERZG]
2019-06-20 20:02:33,346 INFO (MaoYiService.java:342)- ERZG===LT-855102-lIzEUpMrC7QsK4g7yF6M-app.singlewindow.cn----开始执行验证的url
2019-06-20 20:02:33,347 INFO (MaoYiService.java:489)- picNum:[ERZG]
2019-06-20 20:02:33,347 INFO (MaoYiService.java:264)- vert:[ERZG]
2019-06-20 20:02:33,347 INFO (MaoYiService.java:342)- ERZG===LT-842590-Boj6dKPTtkTqSTTqDzii-app.singlewindow.cn----开始执行验证的url
2019-06-20 20:02:33,724 INFO (MaoYiService.java:395)- 开始第[0]次执行重试
2019-06-20 20:02:33,747 INFO (MaoYiService.java:395)- 开始第[0]次执行重试
2019-06-20 20:02:34,263 INFO (MaoYiService.java:489)- picNum:[vYXm]
2019-06-20 20:02:34,263 INFO (MaoYiService.java:342)- vYXm===LT-842590-Boj6dKPTtkTqSTTqDzii-app.singlewindow.cn----开始执行验证的url
2019-06-20 20:02:34,265 INFO (MaoYiService.java:489)- picNum:[WEBb]
2019-06-20 20:02:34,266 INFO (MaoYiService.java:342)- WEBb===LT-855102-lIzEUpMrC7QsK4g7yF6M-app.singlewindow.cn----开始执行验证的url
2019-06-20 20:02:34,602 INFO (MaoYiService.java:395)- 开始第[1]次执行重试
2019-06-20 20:02:34,886 INFO (MaoYiService.java:372)- 进入需要实名验证提示...
2019-06-20 20:02:35,184 INFO (MaoYiService.java:489)- picNum:[KrUM]
2019-06-20 20:02:35,185 INFO (MaoYiService.java:342)- KrUM===LT-855102-lIzEUpMrC7QsK4g7yF6M-app.singlewindow.cn----开始执行验证的url
2019-06-20 20:03:13,036 INFO (MaoYiAction.java:76)- 访问校验通过:[SZWLD01],[WLD33558355]
2019-06-20 20:03:15,158 INFO (MaoYiService.java:489)- picNum:[b9ks]
2019-06-20 20:03:15,159 INFO (MaoYiService.java:264)- vert:[b9ks]
2019-06-20 20:03:15,159 INFO (MaoYiService.java:342)- b9ks===LT-843858-Ye3BACLwDbDCQgt1JqLj-app.singlewindow.cn----开始执行验证的url
2019-06-20 20:03:15,738 INFO (MaoYiService.java:372)- 进入需要实名验证提示...
2019-06-20 20:05:38,499 INFO (MaoYiAction.java:76)- 访问校验通过:[SZWLD01],[WLD33558355]
2019-06-20 20:05:40,483 INFO (MaoYiService.java:489)- picNum:[TbaA]
2019-06-20 20:05:40,483 INFO (MaoYiService.java:264)- vert:[TbaA]
2019-06-20 20:05:40,484 INFO (MaoYiService.java:342)- TbaA===LT-842697-sJTEHOfQ7edGBvnePj9p-app.singlewindow.cn----开始执行验证的url
2019-06-20 20:05:41,091 INFO (MaoYiService.java:372)- 进入需要实名验证提示...
2019-06-20 20:10:32,634 INFO (MaoYiAction.java:76)- 访问校验通过:[SZWLD01],[WLD33558355]
2019-06-20 20:10:34,566 INFO (MaoYiService.java:501)- picNum:[vEgM]
2019-06-20 20:10:34,566 INFO (MaoYiService.java:264)- vert:[vEgM]
2019-06-20 20:10:34,567 INFO (MaoYiService.java:342)- vEgM===LT-861601-PuDjVkWBDM4BDp5uoc2P-app.singlewindow.cn----开始执行验证的url
2019-06-20 20:10:34,847 INFO (MaoYiService.java:407)- 开始第[0]次执行重试
2019-06-20 20:10:35,266 INFO (MaoYiService.java:501)- picNum:[Vpwr]
2019-06-20 20:10:35,266 INFO (MaoYiService.java:342)- Vpwr===LT-861601-PuDjVkWBDM4BDp5uoc2P-app.singlewindow.cn----开始执行验证的url
2019-06-20 20:10:35,754 INFO (MaoYiService.java:372)- 进入需要实名验证提示...
2019-06-20 20:11:23,278 INFO (MaoYiAction.java:76)- 访问校验通过:[SZWLD01],[WLD33558355]
2019-06-20 20:11:27,249 INFO (MaoYiService.java:501)- picNum:[emQ]
2019-06-20 20:11:27,794 INFO (MaoYiService.java:501)- picNum:[bZ6P]
2019-06-20 20:11:27,794 INFO (MaoYiService.java:264)- vert:[bZ6P]
2019-06-20 20:11:27,794 INFO (MaoYiService.java:342)- bZ6P===LT-851294-hq9evEWpYbJI7iCAciUn-app.singlewindow.cn----开始执行验证的url
2019-06-20 20:11:28,443 INFO (MaoYiService.java:372)- 进入需要实名验证提示...
2019-06-20 20:14:08,364 INFO (MaoYiAction.java:76)- 访问校验通过:[SZWLD01],[WLD33558355]
2019-06-20 20:14:10,273 INFO (MaoYiService.java:501)- picNum:[WPUy]
2019-06-20 20:14:10,273 INFO (MaoYiService.java:264)- vert:[WPUy]
2019-06-20 20:14:10,274 INFO (MaoYiService.java:342)- WPUy===LT-1078296-1CwWtfarzv0lZjsy4TW9-app.singlewindow.cn----开始执行验证的url
2019-06-20 20:14:10,988 INFO (MaoYiService.java:372)- 进入需要实名验证提示...
2019-06-20 20:17:30,798 INFO (MaoYiAction.java:76)- 访问校验通过:[SZWLD01],[WLD33558355]
2019-06-20 20:17:32,514 INFO (MaoYiService.java:509)- picNum:[s295]
2019-06-20 20:17:32,514 INFO (MaoYiService.java:264)- vert:[s295]
2019-06-20 20:17:32,515 INFO (MaoYiService.java:342)- s295===LT-890768-2HnyB0obSuRUsKcMKOpw-app.singlewindow.cn----开始执行验证的url
2019-06-20 20:17:33,029 INFO (MaoYiService.java:372)- 进入需要实名验证提示...
2019-06-20 20:17:33,544 INFO (MaoYiService.java:405)- header:[CASPRIVACY=""; Expires=Thu, 01-Jan-1970 00:00:10 GMT;]
2019-06-20 20:17:33,545 INFO (MaoYiAction.java:102)- 30天警告
2019-06-20 20:19:07,590 INFO (MaoYiAction.java:76)- 访问校验通过:[SZWLD01],[WLD33558355]
2019-06-20 20:19:09,371 INFO (MaoYiService.java:509)- picNum:[86ct]
2019-06-20 20:19:09,371 INFO (MaoYiService.java:264)- vert:[86ct]
2019-06-20 20:19:09,372 INFO (MaoYiService.java:342)- 86ct===LT-851508-Kf9KjBMeHyx1KcifhKHi-app.singlewindow.cn----开始执行验证的url
2019-06-20 20:19:09,747 INFO (MaoYiService.java:415)- 开始第[0]次执行重试
2019-06-20 20:19:10,269 INFO (MaoYiService.java:509)- picNum:[7Chl]
2019-06-20 20:19:10,269 INFO (MaoYiService.java:342)- 7Chl===LT-851508-Kf9KjBMeHyx1KcifhKHi-app.singlewindow.cn----开始执行验证的url
2019-06-20 20:19:10,637 INFO (MaoYiService.java:415)- 开始第[1]次执行重试
2019-06-20 20:19:11,115 INFO (MaoYiService.java:509)- picNum:[5tUE]
2019-06-20 20:19:11,116 INFO (MaoYiService.java:342)- 5tUE===LT-851508-Kf9KjBMeHyx1KcifhKHi-app.singlewindow.cn----开始执行验证的url
2019-06-20 20:19:11,739 INFO (MaoYiService.java:372)- 进入需要实名验证提示...
2019-06-20 20:19:12,270 INFO (MaoYiService.java:405)- header:[CASPRIVACY=""; Expires=Thu, 01-Jan-1970 00:00:10 GMT;]
2019-06-20 20:19:12,271 INFO (MaoYiService.java:98)- 组装成的查询条件:[{"cusCiqNo":"I20190000224038701","cusIEFlag":"I","operationType":"cusEdit"}]
2019-06-20 20:19:12,523 INFO (MaoYiService.java:107)- returnData:[]
2019-06-20 20:19:12,524 INFO (MaoYiAction.java:109)- 30天警告
2019-06-20 20:19:12,700 INFO (MaoYiAction.java:116)- 将信息存入到数据库[com.yy.maoyi.entity.OperaLog@256db6d2]
2019-06-20 20:20:00,464 INFO (MaoYiAction.java:76)- 访问校验通过:[SZWLD01],[WLD33558355]
2019-06-20 20:20:02,509 INFO (MaoYiService.java:509)- picNum:[xaYY]
2019-06-20 20:20:02,509 INFO (MaoYiService.java:264)- vert:[xaYY]
2019-06-20 20:20:02,510 INFO (MaoYiService.java:342)- xaYY===LT-847189-ysMePfMMXcWMQTqIgCDz-app.singlewindow.cn----开始执行验证的url
2019-06-20 20:20:03,160 INFO (MaoYiService.java:372)- 进入需要实名验证提示...
2019-06-20 20:20:08,371 INFO (MaoYiService.java:405)- header:[CASPRIVACY=""; Expires=Thu, 01-Jan-1970 00:00:10 GMT;]
2019-06-20 20:20:08,372 INFO (MaoYiService.java:98)- 组装成的查询条件:[{"cusCiqNo":"I20190000224038701","cusIEFlag":"I","operationType":"cusEdit"}]
2019-06-20 20:20:08,672 INFO (MaoYiService.java:107)- returnData:[]
2019-06-20 20:21:07,928 INFO (MaoYiAction.java:76)- 访问校验通过:[SZWLD01],[WLD33558355]
2019-06-20 20:21:12,339 INFO (MaoYiService.java:504)- picNum:[]
2019-06-20 20:21:12,870 INFO (MaoYiService.java:504)- picNum:[Lz7w]
2019-06-20 20:21:12,870 INFO (MaoYiService.java:259)- vert:[Lz7w]
2019-06-20 20:21:12,871 INFO (MaoYiService.java:337)- Lz7w===LT-851555-leCSYvfJU6EC0EdCBsI9-app.singlewindow.cn----开始执行验证的url
2019-06-20 20:21:13,610 INFO (MaoYiService.java:367)- 进入需要实名验证提示...
2019-06-20 20:21:14,120 INFO (MaoYiService.java:400)- header:[CASPRIVACY=""; Expires=Thu, 01-Jan-1970 00:00:10 GMT;]
2019-06-20 20:21:15,925 INFO (MaoYiService.java:98)- 组装成的查询条件:[{"cusCiqNo":"I20190000224038701","cusIEFlag":"I","operationType":"cusEdit"}]
2019-06-20 20:22:13,218 INFO (MaoYiAction.java:76)- 访问校验通过:[SZWLD01],[WLD33558355]
2019-06-20 20:22:15,405 INFO (MaoYiService.java:504)- picNum:[e9Yz]
2019-06-20 20:22:15,406 INFO (MaoYiService.java:259)- vert:[e9Yz]
2019-06-20 20:22:15,406 INFO (MaoYiService.java:337)- e9Yz===LT-855494-0HDlvLb5qqaqgzr5B7uY-app.singlewindow.cn----开始执行验证的url
2019-06-20 20:22:15,951 INFO (MaoYiService.java:367)- 进入需要实名验证提示...
2019-06-20 20:23:37,622 INFO (MaoYiService.java:337)- e9Yz===LT-855494-0HDlvLb5qqaqgzr5B7uY-app.singlewindow.cn----开始执行验证的url
2019-06-20 20:23:46,332 INFO (MaoYiAction.java:76)- 访问校验通过:[SZWLD01],[WLD33558355]
2019-06-20 20:23:47,196 INFO (MaoYiService.java:504)- picNum:[KtUN]
2019-06-20 20:23:47,197 INFO (MaoYiService.java:259)- vert:[KtUN]
2019-06-20 20:23:47,197 INFO (MaoYiService.java:337)- KtUN===LT-844937-AfzUrR94hwYncCvLPVCG-app.singlewindow.cn----开始执行验证的url
2019-06-20 20:23:47,815 INFO (MaoYiService.java:367)- 进入需要实名验证提示...
2019-06-20 20:24:33,504 INFO (MaoYiService.java:400)- header:[route1plat=45a6b96a894352987f8fea7dd5d422f0; JSESSIONID=247d41fb-b4cb-4840-ab95-debb72a3d845;]
2019-06-20 20:24:42,380 INFO (MaoYiService.java:98)- 组装成的查询条件:[{"cusCiqNo":"I20190000224038701","cusIEFlag":"I","operationType":"cusEdit"}]
2019-06-20 20:24:43,548 INFO (MaoYiService.java:104)- returnData:[{"ok":false,"errorCode":null,"mygType":null,"data":{"message":"查询失败，请联系运维人员！"},"errors":null,"messageList":[],"messageType":null}]
2019-06-20 20:24:58,403 INFO (MaoYiAction.java:105)- 查询内容出错:[{"ok":false,"errorCode":null,"mygType":null,"data":{"message":"查询失败，请联系运维人员！"},"errors":null,"messageList":[],"messageType":null}]
2019-06-20 20:25:18,559 INFO (MaoYiAction.java:76)- 访问校验通过:[SZWLD01],[WLD33558355]
2019-06-20 20:25:23,044 INFO (MaoYiService.java:504)- picNum:[HEA]
2019-06-20 20:25:23,498 INFO (MaoYiService.java:504)- picNum:[Gg8X]
2019-06-20 20:25:23,498 INFO (MaoYiService.java:259)- vert:[Gg8X]
2019-06-20 20:25:23,498 INFO (MaoYiService.java:337)- Gg8X===LT-843148-3mgB5XgfYy1obc4MIm7W-app.singlewindow.cn----开始执行验证的url
2019-06-20 20:25:24,112 INFO (MaoYiService.java:367)- 进入需要实名验证提示...
2019-06-20 20:25:30,058 INFO (MaoYiService.java:400)- header:[route1plat=cc6e87ecc750e864f322716fad7c86f6; JSESSIONID=4d8c8b21-be83-4eab-9d67-c53d97c11b0c;]
2019-06-20 20:25:33,207 INFO (MaoYiService.java:98)- 组装成的查询条件:[{"cusCiqNo":"I20190000224038701","cusIEFlag":"I","operationType":"cusEdit"}]
2019-06-20 20:25:33,508 INFO (MaoYiService.java:104)- returnData:[{"ok":false,"errorCode":null,"mygType":null,"data":{"message":"查询失败，请联系运维人员！"},"errors":null,"messageList":[],"messageType":null}]
2019-06-20 20:25:33,509 INFO (MaoYiAction.java:105)- 查询内容出错:[{"ok":false,"errorCode":null,"mygType":null,"data":{"message":"查询失败，请联系运维人员！"},"errors":null,"messageList":[],"messageType":null}]
2019-06-20 20:25:47,568 INFO (MaoYiAction.java:76)- 访问校验通过:[SZWLD01],[WLD33558355]
2019-06-20 20:25:48,595 INFO (MaoYiService.java:504)- picNum:[Q3NF]
2019-06-20 20:25:48,595 INFO (MaoYiService.java:259)- vert:[Q3NF]
2019-06-20 20:25:48,595 INFO (MaoYiService.java:337)- Q3NF===LT-881755-1mQGtEgMXU0O6tQ69qcC-app.singlewindow.cn----开始执行验证的url
2019-06-20 20:25:49,201 INFO (MaoYiService.java:367)- 进入需要实名验证提示...
2019-06-20 20:26:32,478 INFO (MaoYiService.java:400)- header:[route1plat=ebcdaa72be3803863128fc5c7ab2c974; JSESSIONID=04efe79e-4b1e-480a-88b8-d856ca85fac3;]
2019-06-20 20:26:41,816 INFO (MaoYiService.java:98)- 组装成的查询条件:[{"cusCiqNo":"I20190000224038701","cusIEFlag":"I","operationType":"cusEdit"}]
2019-06-20 20:27:20,853 INFO (MaoYiService.java:104)- returnData:[{"ok":false,"errorCode":null,"mygType":null,"data":{"message":"查询失败，请联系运维人员！"},"errors":null,"messageList":[],"messageType":null}]
2019-06-20 20:27:41,547 INFO (MaoYiAction.java:76)- 访问校验通过:[SZWLD01],[WLD33558355]
2019-06-20 20:27:47,775 INFO (MaoYiService.java:504)- picNum:[Gh]
2019-06-20 20:27:48,282 INFO (MaoYiService.java:504)- picNum:[u83e]
2019-06-20 20:27:48,282 INFO (MaoYiService.java:259)- vert:[u83e]
2019-06-20 20:27:48,283 INFO (MaoYiService.java:337)- u83e===LT-859484-jqopOjeMKUafwAuLjRuP-app.singlewindow.cn----开始执行验证的url
2019-06-20 20:27:48,928 INFO (MaoYiService.java:367)- 进入需要实名验证提示...
2019-06-20 20:27:49,476 INFO (MaoYiService.java:400)- header:[route1plat=f078c18d8f902b4d83df92aee71cda65; JSESSIONID=bf706278-1e99-4969-a8e6-e784d5904880;]
2019-06-20 20:27:49,476 INFO (MaoYiService.java:98)- 组装成的查询条件:[{"cusCiqNo":"I20190000224038701","cusIEFlag":"I","operationType":"cusEdit"}]
2019-06-20 20:27:49,798 INFO (MaoYiService.java:104)- returnData:[{"ok":false,"errorCode":null,"mygType":null,"data":{"message":"查询失败，请联系运维人员！"},"errors":null,"messageList":[],"messageType":null}]
2019-06-20 20:27:49,798 INFO (MaoYiAction.java:105)- 查询内容出错:[{"ok":false,"errorCode":null,"mygType":null,"data":{"message":"查询失败，请联系运维人员！"},"errors":null,"messageList":[],"messageType":null}]
2019-06-20 20:28:28,803 INFO (MaoYiAction.java:76)- 访问校验通过:[SZWLD01],[WLD33558355]
2019-06-20 20:28:29,802 INFO (MaoYiService.java:504)- picNum:[pkzH]
2019-06-20 20:28:29,802 INFO (MaoYiService.java:259)- vert:[pkzH]
2019-06-20 20:28:29,802 INFO (MaoYiService.java:337)- pkzH===LT-890980-z6pVbAVkgilrZr6hxkBN-app.singlewindow.cn----开始执行验证的url
2019-06-20 20:28:30,290 INFO (MaoYiService.java:367)- 进入需要实名验证提示...
2019-06-20 20:28:30,818 INFO (MaoYiService.java:400)- header:[route1plat=ebcdaa72be3803863128fc5c7ab2c974; JSESSIONID=1b2d67d1-f2f5-4786-9002-ae845fbcb4b9;]
2019-06-20 20:28:30,818 INFO (MaoYiService.java:98)- 组装成的查询条件:[{"cusCiqNo":"E20190000244256007","cusIEFlag":"E","operationType":"cusEdit"}]
2019-06-20 20:28:31,198 INFO (MaoYiService.java:104)- returnData:[{"ok":true,"errorCode":null,"mygType":null,"data":{"preDecHeadVo":{"specDeclFlag":"0000","consignorCode":"4708603332","entryId":"534520190456235200","ciqDecStatusName":"已申报","coOwner":"6","ciqTradeCountryCode":"HKG","declCodeName":"出境检验检疫","customMasterName":"深圳湾关","preDecCiqMarkLob":"[]","contractNo":"RVPL-HW190611","cusCiqNo":"E20190000244256007","noteS":"一车一单","preDecRequCertList":"[]","despPortCode":"471401","ownerCiqCode":"4708603332","ownerCode":"4403160E0T","preDecRoyaltyFee":null,"ciqDespCtryCode":"HKG","ownerName":"深圳镭华科技有限公司","cnsnTradeCode":"4403160E0T","dataSrcModeCode":"01","decMergeListVo":"[{\"gNo\":\"1\",\"codeTs\":\"8471607100\",\"gModel\":\"3|0|LOUPEDECK牌|型号：Loupedeck+|有线，连接电脑用，用于图片处理|||\",\"ciqCurr\":\"USD\",\"gUnitName\":\"个\",\"tradeCurrName\":\"美元\",\"destinationCountryName\":\"中国香港\",\"cusOriginCountry\":\"CHN\",\"gQty\":\"600\",\"goodsLegalInspectionMark\":\"00\",\"declPrice\":\"75\",\"gName\":\"调音台式修图键盘\",\"qty1\":\"600\",\"cusCiqNo\":\"E20190000244256007\",\"ciqQty\":\"600\",\"unit2Name\":\"千克\",\"dutyModeName\":\"照章征税\",\"hsCodeDesc\":\"键盘\",\"goodsTotalVal\":\"45000\",\"qty2\":\"411.6\",\"districtCodeName\":\"深圳特区\",\"dutyMode\":\"1\",\"updateTime\":\"2019-06-12 16:46:41\",\"ciqOriginCountry\":\"CHN\",\"preDecCiqGoodsCont\":\"[]\",\"stdWeightUnitCode\":\"0\",\"unit1\":\"007\",\"preDecCiqGoodsLimit\":\"[]\",\"ciqCurrName\":\"美元\",\"unit2\":\"035\",\"unit1Name\":\"个\",\"gUnit\":\"007\",\"supList\":[],\"cusOriginCountryName\":\"中国\",\"createUser\":\"SZWLD01\",\"districtCode\":\"44031\",\"tradeCurr\":\"USD\",\"ciqQtyMeasUnitName\":\"个\",\"destinationCountry\":\"HKG\",\"declTotal\":\"45000\",\"ciqQtyMeasUnit\":\"007\",\"codeTsName\":\"键盘\",\"indbTime\":\"2019-06-12 16:25:52\",\"updateUser\":\"WLD002\"}]","preDecUserList":"[]","spDecSeqNo":"E20190000244256007","agentCode":"4403181472","correlationReasonFlag":"0","transMode":"3","cusTradeCountry":"HKG","dataSrcUnitCode":"SW44030020170913","isudMark":"1","tradeModeCode":"0110","cusVoyageNo":"5100429055732","declDate":"2019-06-12","agentScc":"91440300358754077Y","ciqIsudMark":"3","indbTime":"2019-06-12","cusTradeCountryName":"中国香港","ediRemark":"M            1","extendField":"0007107","tradeModeCodeName":"一般贸易","cusTrafMode":"4","consigneeEname":"Loupedeck Oy","noOtherPack":"1","packNo":"3","preDecEntQualifListVo":"[]","ciqIEFlag":"E","decOtherPacksVo":"[]","declCode":"24","typistNo":"8930000077380","ciqTradeCountryCodeName":"中国香港","dDate":"2019-06-12","isCopPromise":"0","entryTypeName":"通关无纸化","ciqVoyageNo":"5100429055732","agentName":"深圳市万里达报关有限公司","declRegNo":"4700410796","supvModeCdde":"0110","preDecContainerVo":"[]","dclrNo":"53110770","wrapType":"92","custmRegNo":"4708603332","copNo":"Decl00019164162524","ownerScc":"91440300665875207X","tableFlag":"1","iEPort":"5345","cusIEFlag":"E","attaDocuCdstr":"","netWt":"411.6","speclInspQuraRe":"一车一单","billNo":"AB11","cusTradeNationCode":"HKG","ciqDespCtryCodeName":"中国香港","despPortCodeName":"深圳湾","updateTime":"2019-06-12","preDecCiqDeclAttListVo":"[]","dclTrnRelFlag":"0","ediId":"1","inputEtpsCode":"4403181472","clientId":"0000191854","inputErName":"吴伟浩","createUser":"SZWLD01","declRegName":"深圳市万里达报关有限公司","promiseItems":"999","dataSrcCode":"01","markNo":"N/M","portStopCode":"HKG000","updateUser":"WLD002","arrivPortCode":"HKG000","cnsnTradeScc":"91440300665875207X","transModeName":"FOB","consignorCname":"深圳镭华科技有限公司","preDecDocVo":"[{\"updateTime\":\"2019-06-12 16:47:21\",\"entOrigFileName\":\"发票.pdf\",\"attFmtTypeCode\":\"US\",\"delList\":\"[]\",\"attEdocId\":\"2019061216270378870565\",\"uploadOpTypeCode\":\"F\",\"bizTypeCode\":\"DECEDOC\",\"signWkunitCode\":\"358754077\",\"attTypeCode\":\"00000001\",\"createUser\":\"WLD002\",\"attEdocNo\":\"534500000001SW000000000378870565.pdf\",\"signDate\":\"2019-06-12 16:27:48\",\"attEdocPath\":\"/sw/dec/2019/06/12/16/27/0378870/97/2019061216270378870565.pdf\",\"belongWkunitCode\":\"4403181472\",\"attEdocStatus\":\"26\",\"attEdocSize\":\"121560\",\"belongWkunitName\":\"8930000077380\\u0026易美玲\",\"cusCiqNo\":\"E20190000244256007\",\"attSeqNo\":\"288035543\",\"indbTime\":\"2019-06-12 16:27:48\",\"attTypeCodeName\":\"发票\",\"updateUser\":\"WLD002\",\"addList\":\"[]\"},{\"updateTime\":\"2019-06-12 16:47:22\",\"entOrigFileName\":\"装箱单.pdf\",\"attFmtTypeCode\":\"US\",\"delList\":\"[]\",\"attEdocId\":\"2019061216270378870567\",\"uploadOpTypeCode\":\"F\",\"bizTypeCode\":\"DECEDOC\",\"signWkunitCode\":\"358754077\",\"attTypeCode\":\"00000002\",\"createUser\":\"WLD002\",\"attEdocNo\":\"534500000002SW000000000378870567.pdf\",\"signDate\":\"2019-06-12 16:27:48\",\"attEdocPath\":\"/sw/dec/2019/06/12/16/27/0378870/22/2019061216270378870567.pdf\",\"belongWkunitCode\":\"4403181472\",\"attEdocStatus\":\"26\",\"attEdocSize\":\"133227\",\"belongWkunitName\":\"8930000077380\\u0026易美玲\",\"cusCiqNo\":\"E20190000244256007\",\"attSeqNo\":\"288035545\",\"indbTime\":\"2019-06-12 16:27:48\",\"attTypeCodeName\":\"装箱单\",\"updateUser\":\"WLD002\",\"addList\":\"[]\"},{\"updateTime\":\"2019-06-12 16:47:21\",\"entOrigFileName\":\"合同.pdf\",\"attFmtTypeCode\":\"US\",\"delList\":\"[]\",\"attEdocId\":\"2019061216270378870569\",\"uploadOpTypeCode\":\"F\",\"bizTypeCode\":\"DECEDOC\",\"signWkunitCode\":\"358754077\",\"attTypeCode\":\"00000004\",\"createUser\":\"WLD002\",\"attEdocNo\":\"534500000004SW000000000378870569.pdf\",\"signDate\":\"2019-06-12 16:27:48\",\"attEdocPath\":\"/sw/dec/2019/06/12/16/27/0378870/59/2019061216270378870569.pdf\",\"belongWkunitCode\":\"4403181472\",\"attEdocStatus\":\"26\",\"attEdocSize\":\"150855\",\"belongWkunitName\":\"8930000077380\\u0026易美玲\",\"cusCiqNo\":\"E20190000244256007\",\"attSeqNo\":\"288035547\",\"indbTime\":\"2019-06-12 16:27:48\",\"attTypeCodeName\":\"合同\",\"updateUser\":\"WLD002\",\"addList\":\"[]\"},{\"updateTime\":\"2019-06-12 16:46:41\",\"attFmtTypeCode\":\"S\",\"delList\":\"[]\",\"uploadOpTypeCode\":\"F\",\"bizTypeCode\":\"DECEDOC\",\"signWkunitCode\":\"358754077\",\"attTypeCode\":\"10000001\",\"attEdocNo\":\"20195305225477103\",\"createUser\":\"WLD002\",\"signDate\":\"2019-06-12 16:27:48\",\"attEdocStatus\":\"21\",\"cusCiqNo\":\"E20190000244256007\",\"attSeqNo\":\"288035549\",\"attTypeCodeName\":\"代理报关委托协议（电子）\",\"indbTime\":\"2019-06-12 16:27:48\",\"updateUser\":\"WLD002\",\"addList\":\"[]\"}]","cusDecStatus":"10","distinatePort":"HKG000","cusTrafModeName":"公路运输","coOwnerName":"私营","deliveryOrder":"AB11","cusDecStatusName":"结关","ciqTrafMode":"4","ciqTrafModeName":"公路运输","cutModeName":"一般征税","wrapTypeName":"再生木托","cutMode":"101","contrNo":"RVPL-HW190611","chktstFlag":"0","grossWt":"756","arrivPortCodeName":"中国香港","customMaster":"5345","cusRemark":"00000","iEPortName":"深圳湾关","cusLicenseListVo":"[]","districtCode":"44031","entryType":"M","inputEtpsName":"深圳市万里达报关有限公司","supvModeCddeName":"一般贸易","cusTradeNationCodeName":"中国香港","specPassFlag":"0000","preEntryId":"534520190456235200","distinatePortName":"中国香港","ciqDecStatus":"42"}},"errors":null,"messageList":[],"messageType":null}]
2019-06-20 20:28:31,199 INFO (MaoYiAction.java:110)- 30天警告
2019-06-20 20:28:31,397 INFO (MaoYiAction.java:117)- 将信息存入到数据库[com.yy.maoyi.entity.OperaLog@28e45396]
