2019-08-06 11:26:14,763 INFO (MaoYiAction.java:176)- 访问校验通过:[1],[1]
2019-08-06 11:26:16,865 INFO (MaoYiService.java:615)- picNum:[uyTC]
2019-08-06 11:26:16,865 INFO (MaoYiService.java:371)- vert:[uyTC]
2019-08-06 11:26:16,865 INFO (MaoYiService.java:446)- uyTC===LT-454602-0BwmVKVD6MPvv7spp4oq-app.singlewindow.cn----开始执行验证的url
2019-08-06 11:26:17,900 INFO (MaoYiAction.java:261)- header:[route1plat=bece349c62bda518cbfbe5013d4bb34e; JSESSIONID=33a2cef2-d070-4f7e-8bf7-3e84fa72ebfc;]
2019-08-06 11:29:08,780 INFO (MaoYiAction.java:176)- 访问校验通过:[1],[1]
2019-08-06 11:29:10,277 INFO (MaoYiService.java:613)- picNum:[fi%)]
2019-08-06 11:29:10,823 INFO (MaoYiService.java:613)- picNum:[uesZ]
2019-08-06 11:29:10,824 INFO (MaoYiService.java:369)- vert:[uesZ]
2019-08-06 11:29:10,826 INFO (MaoYiService.java:444)- uesZ===LT-544417-IbrMY6lZZcpGZDn5YiuG-app.singlewindow.cn----开始执行验证的url
2019-08-06 11:29:11,366 INFO (MaoYiService.java:520)- 开始第[0]次执行重试
2019-08-06 11:29:11,883 INFO (MaoYiService.java:613)- picNum:[z2B8]
2019-08-06 11:29:11,883 INFO (MaoYiService.java:444)- z2B8===LT-544417-IbrMY6lZZcpGZDn5YiuG-app.singlewindow.cn----开始执行验证的url
2019-08-06 11:29:12,538 INFO (MaoYiService.java:520)- 开始第[1]次执行重试
2019-08-06 11:29:13,056 INFO (MaoYiService.java:613)- picNum:[kcwd]
2019-08-06 11:29:13,056 INFO (MaoYiService.java:444)- kcwd===LT-544417-IbrMY6lZZcpGZDn5YiuG-app.singlewindow.cn----开始执行验证的url
2019-08-06 11:29:14,297 INFO (MaoYiAction.java:261)- header:[route1plat=45a6b96a894352987f8fea7dd5d422f0; JSESSIONID=ad998df1-d529-4a54-afc4-d6a65dc92b11;]
2019-08-06 11:29:15,860 INFO (MaoYiAction.java:95)- 将信息存入到数据库[com.yy.maoyi.entity.OperaLog@346b929d]
2019-08-06 11:29:48,921 INFO (MaoYiAction.java:176)- 访问校验通过:[1],[1]
2019-08-06 11:29:50,276 INFO (MaoYiService.java:613)- picNum:[dsjw]
2019-08-06 11:29:50,276 INFO (MaoYiService.java:369)- vert:[dsjw]
2019-08-06 11:29:50,277 INFO (MaoYiService.java:444)- dsjw===LT-730412-ipwiPxA29tM2BgRtGQDS-app.singlewindow.cn----开始执行验证的url
2019-08-06 11:29:50,605 INFO (MaoYiService.java:520)- 开始第[0]次执行重试
2019-08-06 11:29:51,080 INFO (MaoYiService.java:613)- picNum:[5nv5]
2019-08-06 11:29:51,081 INFO (MaoYiService.java:444)- 5nv5===LT-730412-ipwiPxA29tM2BgRtGQDS-app.singlewindow.cn----开始执行验证的url
2019-08-06 11:29:51,915 INFO (MaoYiAction.java:261)- header:[route1plat=cc6e87ecc750e864f322716fad7c86f6; JSESSIONID=0326144b-caa8-4b7a-8ba3-16978ae7d3f3;]
2019-08-06 11:30:07,296 INFO (MaoYiAction.java:95)- 将信息存入到数据库[com.yy.maoyi.entity.OperaLog@2533cdfa]
2019-08-06 11:30:28,769 INFO (MaoYiAction.java:176)- 访问校验通过:[1],[1]
2019-08-06 11:30:29,816 INFO (MaoYiService.java:613)- picNum:[mUkQ]
2019-08-06 11:30:29,817 INFO (MaoYiService.java:369)- vert:[mUkQ]
2019-08-06 11:30:29,817 INFO (MaoYiService.java:444)- mUkQ===LT-544243-ElbRTchRaqAaOr3JoBQE-app.singlewindow.cn----开始执行验证的url
2019-08-06 11:30:31,098 INFO (MaoYiAction.java:261)- header:[route1plat=85474f00df5269659be7f0fb21396391; JSESSIONID=67b57112-b512-4672-a951-f0cdeeeaab55;]
2019-08-06 12:31:15,803 INFO (MaoYiAction.java:176)- 访问校验通过:[1],[1]
2019-08-06 12:31:17,375 INFO (MaoYiService.java:622)- picNum:[LCsP]
2019-08-06 12:31:17,375 INFO (MaoYiService.java:378)- vert:[LCsP]
2019-08-06 12:31:17,375 INFO (MaoYiService.java:453)- LCsP===LT-554353-0UQwc9pzMN25jPF20BDm-app.singlewindow.cn----开始执行验证的url
2019-08-06 12:31:18,543 INFO (MaoYiAction.java:261)- header:[route1plat=ebcdaa72be3803863128fc5c7ab2c974; JSESSIONID=3039da7b-2016-4d06-82d9-f8f6c050523b;]
2019-08-06 12:33:08,460 INFO (MaoYiAction.java:176)- 访问校验通过:[1],[1]
2019-08-06 12:33:10,063 INFO (MaoYiService.java:624)- picNum:[UNPV]
2019-08-06 12:33:10,063 INFO (MaoYiService.java:380)- vert:[UNPV]
2019-08-06 12:33:10,064 INFO (MaoYiService.java:455)- UNPV===LT-568680-XqCGoTaeDsSVptbM06pz-app.singlewindow.cn----开始执行验证的url
2019-08-06 12:33:10,923 INFO (MaoYiAction.java:261)- header:[route1plat=45a6b96a894352987f8fea7dd5d422f0; JSESSIONID=aeea40f4-873d-49bd-a3b1-8f2ec2182e02;]
2019-08-06 13:08:38,646 INFO (MaoYiAction.java:176)- 访问校验通过:[1],[1]
2019-08-06 13:08:40,083 INFO (MaoYiService.java:637)- picNum:[BOPH]
2019-08-06 13:08:40,083 INFO (MaoYiService.java:393)- vert:[BOPH]
2019-08-06 13:08:40,083 INFO (MaoYiService.java:468)- BOPH===LT-445918-01hDVWQL2XvKHSagPmRG-app.singlewindow.cn----开始执行验证的url
2019-08-06 13:08:40,485 INFO (MaoYiService.java:544)- 开始第[0]次执行重试
2019-08-06 13:08:40,925 INFO (MaoYiService.java:637)- picNum:[THys]
2019-08-06 13:08:40,926 INFO (MaoYiService.java:468)- THys===LT-445918-01hDVWQL2XvKHSagPmRG-app.singlewindow.cn----开始执行验证的url
2019-08-06 13:08:41,246 INFO (MaoYiService.java:544)- 开始第[1]次执行重试
2019-08-06 13:08:41,686 INFO (MaoYiService.java:637)- picNum:[FDH4]
2019-08-06 13:08:41,686 INFO (MaoYiService.java:468)- FDH4===LT-445918-01hDVWQL2XvKHSagPmRG-app.singlewindow.cn----开始执行验证的url
2019-08-06 13:08:42,673 INFO (MaoYiAction.java:261)- header:[route1plat=ebcdaa72be3803863128fc5c7ab2c974; JSESSIONID=9cf916b8-44ca-4a66-9c4c-2b455a18b1dc;]
2019-08-06 13:08:53,015 INFO (MaoYiAction.java:95)- 将信息存入到数据库[com.yy.maoyi.entity.OperaLog@17e86a5a]
